[debug] [2024-06-13T12:41:11.131Z] ----------------------------------------------------------------------
[debug] [2024-06-13T12:41:11.134Z] Command:       C:\Program Files\nodejs\node.exe C:\Users\Владимир\AppData\Roaming\npm\node_modules\firebase-tools\lib\bin\firebase.js init
[debug] [2024-06-13T12:41:11.134Z] CLI Version:   13.11.2
[debug] [2024-06-13T12:41:11.134Z] Platform:      win32
[debug] [2024-06-13T12:41:11.134Z] Node Version:  v20.13.1
[debug] [2024-06-13T12:41:11.134Z] Time:          Thu Jun 13 2024 19:41:11 GMT+0700 (Новосибирск, стандартное время)
[debug] [2024-06-13T12:41:11.134Z] ----------------------------------------------------------------------
[debug] 
[debug] [2024-06-13T12:41:11.138Z] > command requires scopes: ["email","openid","https://www.googleapis.com/auth/cloudplatformprojects.readonly","https://www.googleapis.com/auth/firebase","https://www.googleapis.com/auth/cloud-platform"]
[debug] [2024-06-13T12:41:11.138Z] > authorizing via signed-in user (imbovoebozestvo@gmail.com)
[info] 
     ######## #### ########  ######## ########     ###     ######  ########
     ##        ##  ##     ## ##       ##     ##  ##   ##  ##       ##
     ######    ##  ########  ######   ########  #########  ######  ######
     ##        ##  ##    ##  ##       ##     ## ##     ##       ## ##
     ##       #### ##     ## ######## ########  ##     ##  ######  ########

You're about to initialize a Firebase project in this directory:

  C:\Project\squid-game

Before we get started, keep in mind:

  * You are currently outside your home directory

